Using pre-set license
Built from '2020.3/staging' branch; Version is '2020.3.19f1 (68f137dc9bbe) revision 6877495'; Using compiler version '192528614'; Build Type 'Release'
OS: 'Windows 10 Home; OS build 19043.1237; Version 2009; 64bit' Language: 'en' Physical Memory: 16312 MB
BatchMode: 1, IsHumanControllingUs: 0, StartBugReporterOnCrash: 0, Is64bit: 1, IsPro: 0

COMMAND LINE ARGUMENTS:
F:\2020.3.19f1\Editor\Unity.exe
-adb2
-batchMode
-noUpm
-name
AssetImportWorker0
-projectPath
F:/Documents/GitHub/Flipped Off
-logFile
Logs/AssetImportWorker0.log
-srvPort
60133
Successfully changed project path to: F:/Documents/GitHub/Flipped Off
F:/Documents/GitHub/Flipped Off
Using Asset Import Pipeline V2.
Refreshing native plugins compatible for Editor in 36.23 ms, found 3 plugins.
Preloading 0 native plugins for Editor in 0.00 ms.
Initialize engine version: 2020.3.19f1 (68f137dc9bbe)
[Subsystems] Discovering subsystems at path F:/2020.3.19f1/Editor/Data/Resources/UnitySubsystems
[Subsystems] Discovering subsystems at path F:/Documents/GitHub/Flipped Off/Assets
GfxDevice: creating device client; threaded=0
Direct3D:
    Version:  Direct3D 11.0 [level 11.1]
    Renderer: NVIDIA GeForce GTX 1060 6GB (ID=0x1c03)
    Vendor:   
    VRAM:     6052 MB
    Driver:   27.21.14.6663
Initialize mono
Mono path[0] = 'F:/2020.3.19f1/Editor/Data/Managed'
Mono path[1] = 'F:/2020.3.19f1/Editor/Data/MonoBleedingEdge/lib/mono/unityjit'
Mono config path = 'F:/2020.3.19f1/Editor/Data/MonoBleedingEdge/etc'
Using monoOptions --debugger-agent=transport=dt_socket,embedding=1,server=y,suspend=n,address=127.0.0.1:56532
Begin MonoManager ReloadAssembly
Registering precompiled unity dll's ...
Register platform support module: F:/2020.3.19f1/Editor/Data/PlaybackEngines/WindowsStandaloneSupport/UnityEditor.WindowsStandalone.Extensions.dll
Registered in 0.001042 seconds.
Native extension for WindowsStandalone target not found
Refreshing native plugins compatible for Editor in 35.67 ms, found 3 plugins.
Preloading 0 native plugins for Editor in 0.00 ms.
Mono: successfully reloaded assembly
- Completed reload, in  1.012 seconds
Domain Reload Profiling:
	ReloadAssembly (1013ms)
		BeginReloadAssembly (59ms)
			ExecutionOrderSort (0ms)
			DisableScriptedObjects (0ms)
			BackupInstance (0ms)
			ReleaseScriptingObjects (0ms)
			CreateAndSetChildDomain (1ms)
		EndReloadAssembly (360ms)
			LoadAssemblies (59ms)
			RebuildTransferFunctionScriptingTraits (0ms)
			SetupTypeCache (128ms)
			ReleaseScriptCaches (0ms)
			RebuildScriptCaches (28ms)
			SetupLoadedEditorAssemblies (143ms)
				LogAssemblyErrors (0ms)
				InitializePlatformSupportModulesInManaged (3ms)
				SetLoadedEditorAssemblies (0ms)
				RefreshPlugins (36ms)
				BeforeProcessingInitializeOnLoad (11ms)
				ProcessInitializeOnLoadAttributes (70ms)
				ProcessInitializeOnLoadMethodAttributes (23ms)
				AfterProcessingInitializeOnLoad (0ms)
				EditorAssembliesLoaded (0ms)
			ExecutionOrderSort2 (0ms)
			AwakeInstancesAfterBackupRestoration (0ms)
Platform modules already initialized, skipping
Registering precompiled user dll's ...
Registered in 0.002547 seconds.
Begin MonoManager ReloadAssembly
Native extension for WindowsStandalone target not found
Refreshing native plugins compatible for Editor in 36.39 ms, found 3 plugins.
Preloading 0 native plugins for Editor in 0.00 ms.
Mono: successfully reloaded assembly
- Completed reload, in  0.952 seconds
Domain Reload Profiling:
	ReloadAssembly (952ms)
		BeginReloadAssembly (138ms)
			ExecutionOrderSort (0ms)
			DisableScriptedObjects (4ms)
			BackupInstance (0ms)
			ReleaseScriptingObjects (0ms)
			CreateAndSetChildDomain (17ms)
		EndReloadAssembly (767ms)
			LoadAssemblies (94ms)
			RebuildTransferFunctionScriptingTraits (0ms)
			SetupTypeCache (250ms)
			ReleaseScriptCaches (0ms)
			RebuildScriptCaches (42ms)
			SetupLoadedEditorAssemblies (292ms)
				LogAssemblyErrors (0ms)
				InitializePlatformSupportModulesInManaged (3ms)
				SetLoadedEditorAssemblies (0ms)
				RefreshPlugins (36ms)
				BeforeProcessingInitializeOnLoad (59ms)
				ProcessInitializeOnLoadAttributes (180ms)
				ProcessInitializeOnLoadMethodAttributes (11ms)
				AfterProcessingInitializeOnLoad (2ms)
				EditorAssembliesLoaded (0ms)
			ExecutionOrderSort2 (0ms)
			AwakeInstancesAfterBackupRestoration (5ms)
Platform modules already initialized, skipping
========================================================================
Worker process is ready to serve import requests
Launched and connected shader compiler UnityShaderCompiler.exe after 0.06 seconds
Refreshing native plugins compatible for Editor in 0.60 ms, found 3 plugins.
Preloading 0 native plugins for Editor in 0.00 ms.
Unloading 2100 Unused Serialized files (Serialized files now loaded: 0)
System memory in use before: 93.5 MB.
System memory in use after: 93.6 MB.

Unloading 26 unused Assets to reduce memory usage. Loaded Objects now: 2541.
Total: 3.148500 ms (FindLiveObjects: 0.196400 ms CreateObjectMapping: 0.065300 ms MarkObjects: 2.816300 ms  DeleteObjects: 0.069500 ms)

AssetImportParameters requested are different than current active one (requested -> active):
  custom:framework-win-MediaFoundation: 216162199b28c13a410421893ffa2e32 -> 
  custom:video-decoder-ogg-theora: a1e56fd34408186e4bbccfd4996cb3dc -> 
  custom:container-muxer-webm: aa71ff27fc2769a1b78a27578f13a17b -> 
  custom:container-demuxer-webm: 4f35f7cbe854078d1ac9338744f61a02 -> 
  custom:container-demuxer-ogg: 62fdf1f143b41e24485cea50d1cbac27 -> 
  custom:video-encoder-webm-vp8: eb34c28f22e8b96e1ab97ce403110664 -> 
  custom:video-codec-MediaFoundation-h265: 746d11721c4dcdbdad8f713fa42b33f4 -> 
  custom:video-decoder-webm-vp8: 9c59270c3fd7afecdb556c50c9e8de78 -> 
  custom:audio-decoder-ogg-vorbis: bf7c407c2cedff20999df2af8eb42d56 -> 
  custom:audio-encoder-webm-vorbis: bf7c407c2cedff20999df2af8eb42d56 -> 
========================================================================
Received Import Request.
  path: Assets/Scripts/FlippedOff_cameraShake.cs
  artifactKey: Guid(68b5a902f1ccc0e4194e4ae223005bf6) Importer(815301076,1909f56bfc062723c751e8b465ee728b)
Start importing Assets/Scripts/FlippedOff_cameraShake.cs using Guid(68b5a902f1ccc0e4194e4ae223005bf6) Importer(815301076,1909f56bfc062723c751e8b465ee728b)  -> (artifact id: 'a9b6db5b94c33de556073ed75a66a85a') in 0.033973 seconds 
  Import took 0.036633 seconds .

========================================================================
Received Import Request.
  Time since last request: 0.000253 seconds.
  path: Assets/Scripts/FlippedOff_collisionManager.cs
  artifactKey: Guid(29d29284f5b394048b29c6abef6d242f) Importer(815301076,1909f56bfc062723c751e8b465ee728b)
Start importing Assets/Scripts/FlippedOff_collisionManager.cs using Guid(29d29284f5b394048b29c6abef6d242f) Importer(815301076,1909f56bfc062723c751e8b465ee728b)  -> (artifact id: '80c849275e184dede3d5f3ebbaa25420') in 0.005612 seconds 
  Import took 0.008886 seconds .

========================================================================
Received Import Request.
  Time since last request: 0.000339 seconds.
  path: Assets/Scripts/FlippedOff_collectible.cs
  artifactKey: Guid(f383bf21e37a89e47861969ffbc23b73) Importer(815301076,1909f56bfc062723c751e8b465ee728b)
Start importing Assets/Scripts/FlippedOff_collectible.cs using Guid(f383bf21e37a89e47861969ffbc23b73) Importer(815301076,1909f56bfc062723c751e8b465ee728b)  -> (artifact id: '7648b4ed5b60390de49495f895f14656') in 0.005928 seconds 
  Import took 0.009215 seconds .

========================================================================
Received Import Request.
  Time since last request: 0.000261 seconds.
  path: Assets/Scripts/FlippedOff_pivotFollower.cs
  artifactKey: Guid(7b8e3169a3cca324283844fd9e6cc4d2) Importer(815301076,1909f56bfc062723c751e8b465ee728b)
Start importing Assets/Scripts/FlippedOff_pivotFollower.cs using Guid(7b8e3169a3cca324283844fd9e6cc4d2) Importer(815301076,1909f56bfc062723c751e8b465ee728b)  -> (artifact id: '216d9c5495e79796ac8ad69080fe027d') in 0.006015 seconds 
  Import took 0.009655 seconds .

========================================================================
Received Import Request.
  Time since last request: 0.476043 seconds.
  path: Assets/Scripts/FlippedOff_playerMovement.cs
  artifactKey: Guid(f90518d4ca1523848b66c9346971f379) Importer(815301076,1909f56bfc062723c751e8b465ee728b)
Start importing Assets/Scripts/FlippedOff_playerMovement.cs using Guid(f90518d4ca1523848b66c9346971f379) Importer(815301076,1909f56bfc062723c751e8b465ee728b)  -> (artifact id: 'e670f17f3ab08c84f816f22189974be2') in 0.005228 seconds 
  Import took 0.008206 seconds .

========================================================================
Received Import Request.
  Time since last request: 137.209416 seconds.
  path: Assets/FlippedOff_Animations
  artifactKey: Guid(dc1ba0cccb43aca459d6d86cf2a7e81f) Importer(815301076,1909f56bfc062723c751e8b465ee728b)
Start importing Assets/FlippedOff_Animations using Guid(dc1ba0cccb43aca459d6d86cf2a7e81f) Importer(815301076,1909f56bfc062723c751e8b465ee728b)  -> (artifact id: '77856709e075442497fd9ad026383a01') in 0.005455 seconds 
  Import took 0.009647 seconds .

========================================================================
Received Import Request.
  Time since last request: 22.301205 seconds.
  path: Assets/FlippedOff_Animations/FlippedOff_PlayerEat.anim
  artifactKey: Guid(e0f203153e9c5c148b35e720dde6e6bb) Importer(815301076,1909f56bfc062723c751e8b465ee728b)
Start importing Assets/FlippedOff_Animations/FlippedOff_PlayerEat.anim using Guid(e0f203153e9c5c148b35e720dde6e6bb) Importer(815301076,1909f56bfc062723c751e8b465ee728b)  -> (artifact id: '66832b3cea8b471468a6d930ac1dea26') in 0.015477 seconds 
  Import took 0.018410 seconds .

========================================================================
Received Import Request.
  Time since last request: 64.716073 seconds.
  path: Assets/FlippedOff_Models
  artifactKey: Guid(8a5a310018bfb904e89c2acd854ea103) Importer(815301076,1909f56bfc062723c751e8b465ee728b)
Start importing Assets/FlippedOff_Models using Guid(8a5a310018bfb904e89c2acd854ea103) Importer(815301076,1909f56bfc062723c751e8b465ee728b)  -> (artifact id: '9062d7e639c0c4124b2f44f80a781ff9') in 0.004803 seconds 
  Import took 0.007775 seconds .

========================================================================
Received Import Request.
  Time since last request: 0.061263 seconds.
  path: Assets/FlippedOff_Models/FlippedOff_Amogus.fbx
  artifactKey: Guid(9ebf0058c8f07774ca5e17d7515b679a) Importer(815301076,1909f56bfc062723c751e8b465ee728b)
Start importing Assets/FlippedOff_Models/FlippedOff_Amogus.fbx using Guid(9ebf0058c8f07774ca5e17d7515b679a) Importer(815301076,1909f56bfc062723c751e8b465ee728b)  -> (artifact id: 'ae83ac207c1ca932dd1bb75d953332e3') in 0.222116 seconds 
  Import took 0.225744 seconds .

========================================================================
Received Import Request.
  Time since last request: 0.000188 seconds.
  path: Assets/FlippedOff_Models/FlippedOff_Chair.fbx
  artifactKey: Guid(08a33b60147269448802cfe5869be0aa) Importer(815301076,1909f56bfc062723c751e8b465ee728b)
Start importing Assets/FlippedOff_Models/FlippedOff_Chair.fbx using Guid(08a33b60147269448802cfe5869be0aa) Importer(815301076,1909f56bfc062723c751e8b465ee728b)  -> (artifact id: '914a2c8d6dde4b4a5cc4d56282b5e9d1') in 0.020933 seconds 
  Import took 0.024004 seconds .

========================================================================
Received Import Request.
  Time since last request: 0.000254 seconds.
  path: Assets/FlippedOff_Models/FlippedOff_Table.fbx
  artifactKey: Guid(038edac4baf86fd43bdd649e7cf5de4f) Importer(815301076,1909f56bfc062723c751e8b465ee728b)
Start importing Assets/FlippedOff_Models/FlippedOff_Table.fbx using Guid(038edac4baf86fd43bdd649e7cf5de4f) Importer(815301076,1909f56bfc062723c751e8b465ee728b)  -> (artifact id: 'b237ab9f09d80b120fbf2e4739c6eab1') in 0.034168 seconds 
  Import took 0.037116 seconds .

========================================================================
Received Import Request.
  Time since last request: 0.000337 seconds.
  path: Assets/FlippedOff_Models/FlippedOff_Car.fbx
  artifactKey: Guid(0d98ca7b44062da4380f34b4d6d0e191) Importer(815301076,1909f56bfc062723c751e8b465ee728b)
Start importing Assets/FlippedOff_Models/FlippedOff_Car.fbx using Guid(0d98ca7b44062da4380f34b4d6d0e191) Importer(815301076,1909f56bfc062723c751e8b465ee728b)  -> (artifact id: '43c8183ccd791f6104b816ebd81015b3') in 0.072435 seconds 
  Import took 0.075589 seconds .

========================================================================
Received Import Request.
  Time since last request: 0.000209 seconds.
  path: Assets/FlippedOff_Models/FlippedOff_RectangleBlock.fbx
  artifactKey: Guid(14e8dd25a50232c42a54bd9dd3e71006) Importer(815301076,1909f56bfc062723c751e8b465ee728b)
Start importing Assets/FlippedOff_Models/FlippedOff_RectangleBlock.fbx using Guid(14e8dd25a50232c42a54bd9dd3e71006) Importer(815301076,1909f56bfc062723c751e8b465ee728b)  -> (artifact id: 'f7fd83ba703090b376a1ac571cc7aeb5') in 0.018077 seconds 
  Import took 0.021164 seconds .

========================================================================
Received Import Request.
  Time since last request: 0.000193 seconds.
  path: Assets/FlippedOff_Models/FlippedOff_TriangleBlock.fbx
  artifactKey: Guid(15d6ef4b138cc7346a7de6a91b6b218c) Importer(815301076,1909f56bfc062723c751e8b465ee728b)
Start importing Assets/FlippedOff_Models/FlippedOff_TriangleBlock.fbx using Guid(15d6ef4b138cc7346a7de6a91b6b218c) Importer(815301076,1909f56bfc062723c751e8b465ee728b)  -> (artifact id: '4c6776da5f034c5a28f5dfca7f88e07e') in 0.015767 seconds 
  Import took 0.018721 seconds .

========================================================================
Received Import Request.
  Time since last request: 0.000201 seconds.
  path: Assets/FlippedOff_Models/FlippedOff_Robot.fbx
  artifactKey: Guid(a9e6625ce15f28648a7eec6e4388a671) Importer(815301076,1909f56bfc062723c751e8b465ee728b)
Start importing Assets/FlippedOff_Models/FlippedOff_Robot.fbx using Guid(a9e6625ce15f28648a7eec6e4388a671) Importer(815301076,1909f56bfc062723c751e8b465ee728b)  -> (artifact id: '6ea191426033c84f32283badface95e7') in 0.042101 seconds 
  Import took 0.045713 seconds .

========================================================================
Received Import Request.
  Time since last request: 0.000195 seconds.
  path: Assets/FlippedOff_Models/FlippedOff_CubeBlock.fbx
  artifactKey: Guid(6e0abfe3e2fe8ba47966c897dab9b167) Importer(815301076,1909f56bfc062723c751e8b465ee728b)
Start importing Assets/FlippedOff_Models/FlippedOff_CubeBlock.fbx using Guid(6e0abfe3e2fe8ba47966c897dab9b167) Importer(815301076,1909f56bfc062723c751e8b465ee728b)  -> (artifact id: '82f241f761d6f8a7b9cfc94c6482443d') in 0.019737 seconds 
  Import took 0.022766 seconds .

========================================================================
Received Import Request.
  Time since last request: 13.371825 seconds.
  path: Assets/FlippedOff_Textures/FlippedOff_FaceChomp.png
  artifactKey: Guid(59ca8e3427b55fb41a814c76dbc749c4) Importer(815301076,1909f56bfc062723c751e8b465ee728b)
Start importing Assets/FlippedOff_Textures/FlippedOff_FaceChomp.png using Guid(59ca8e3427b55fb41a814c76dbc749c4) Importer(815301076,1909f56bfc062723c751e8b465ee728b)  -> (artifact id: 'd62dbe5473e67f63ae2fecf4594ded6d') in 0.033989 seconds 
  Import took 0.037060 seconds .

========================================================================
Received Import Request.
  Time since last request: 0.000250 seconds.
  path: Assets/FlippedOff_Textures/FlippedOff_FaceDefault.png
  artifactKey: Guid(91ee9a8cead98874985341092082e990) Importer(815301076,1909f56bfc062723c751e8b465ee728b)
Start importing Assets/FlippedOff_Textures/FlippedOff_FaceDefault.png using Guid(91ee9a8cead98874985341092082e990) Importer(815301076,1909f56bfc062723c751e8b465ee728b)  -> (artifact id: 'd055d4efa4c4b672a105733cf2d81a41') in 0.012989 seconds 
  Import took 0.016064 seconds .

========================================================================
Received Import Request.
  Time since last request: 0.000161 seconds.
  path: Assets/FlippedOff_Textures/FlippedOff_FaceWah.png
  artifactKey: Guid(43cc4881f6e042a46969c810e835dcd7) Importer(815301076,1909f56bfc062723c751e8b465ee728b)
Start importing Assets/FlippedOff_Textures/FlippedOff_FaceWah.png using Guid(43cc4881f6e042a46969c810e835dcd7) Importer(815301076,1909f56bfc062723c751e8b465ee728b)  -> (artifact id: 'ed258d93dbf7eb54a18156666a4ede46') in 0.012254 seconds 
  Import took 0.015340 seconds .

========================================================================
Received Import Request.
  Time since last request: 0.000169 seconds.
  path: Assets/FlippedOff_Textures/FlippedOff_Sky_1.png
  artifactKey: Guid(e31e38816fec4c747ac393882f90fcc0) Importer(815301076,1909f56bfc062723c751e8b465ee728b)
Start importing Assets/FlippedOff_Textures/FlippedOff_Sky_1.png using Guid(e31e38816fec4c747ac393882f90fcc0) Importer(815301076,1909f56bfc062723c751e8b465ee728b)  -> (artifact id: 'fbc4e9f65396775462ca67187de69132') in 0.017589 seconds 
  Import took 0.020549 seconds .

========================================================================
Received Import Request.
  Time since last request: 0.000268 seconds.
  path: Assets/FlippedOff_Textures/FlippedOff_FaceOpenMouth.png
  artifactKey: Guid(09ea51ea2da9b3f47a078632931ed3bd) Importer(815301076,1909f56bfc062723c751e8b465ee728b)
Start importing Assets/FlippedOff_Textures/FlippedOff_FaceOpenMouth.png using Guid(09ea51ea2da9b3f47a078632931ed3bd) Importer(815301076,1909f56bfc062723c751e8b465ee728b)  -> (artifact id: 'e0a6cff61d59298aeebc77c0ae82d809') in 0.012832 seconds 
  Import took 0.016221 seconds .

========================================================================
Received Import Request.
  Time since last request: 114.050411 seconds.
  path: Assets/FlippedOff_Animations/Player.controller
  artifactKey: Guid(6c6653d95865fd6439318317877acfc4) Importer(815301076,1909f56bfc062723c751e8b465ee728b)
Start importing Assets/FlippedOff_Animations/Player.controller using Guid(6c6653d95865fd6439318317877acfc4) Importer(815301076,1909f56bfc062723c751e8b465ee728b)  -> (artifact id: 'e107b43b2a9011739eea1457b3252e5a') in 0.004888 seconds 
  Import took 0.008990 seconds .

========================================================================
Received Import Request.
  Time since last request: 0.830542 seconds.
  path: Assets/FlippedOff_Animations/FlippedOff_PlayerEating.anim
  artifactKey: Guid(120910b57f402a2428d56e913e8d05f2) Importer(815301076,1909f56bfc062723c751e8b465ee728b)
Start importing Assets/FlippedOff_Animations/FlippedOff_PlayerEating.anim using Guid(120910b57f402a2428d56e913e8d05f2) Importer(815301076,1909f56bfc062723c751e8b465ee728b)  -> (artifact id: '0963179f70e27e1fda0798e503d02c6c') in 0.005521 seconds 
  Import took 0.008690 seconds .

========================================================================
Received Import Request.
  Time since last request: 23.221390 seconds.
  path: Assets/FlippedOff_Animations/Plane.controller
  artifactKey: Guid(3f20464650d40a2459f6555a9dd2ec61) Importer(815301076,1909f56bfc062723c751e8b465ee728b)
Start importing Assets/FlippedOff_Animations/Plane.controller using Guid(3f20464650d40a2459f6555a9dd2ec61) Importer(815301076,1909f56bfc062723c751e8b465ee728b)  -> (artifact id: '10f4825e9089956684fcb75160337537') in 0.005746 seconds 
  Import took 0.008794 seconds .

========================================================================
Received Import Request.
  Time since last request: 0.830246 seconds.
  path: Assets/FlippedOff_Animations/Player.controller
  artifactKey: Guid(6c6653d95865fd6439318317877acfc4) Importer(815301076,1909f56bfc062723c751e8b465ee728b)
Start importing Assets/FlippedOff_Animations/Player.controller using Guid(6c6653d95865fd6439318317877acfc4) Importer(815301076,1909f56bfc062723c751e8b465ee728b)  -> (artifact id: 'aa3e104179c5c1acdc169cafa20c76af') in 0.002739 seconds 
  Import took 0.005744 seconds .

========================================================================
Received Import Request.
  Time since last request: 3.131210 seconds.
  path: Assets/FlippedOff_Animations/FlippedOff_PlayerEating.anim
  artifactKey: Guid(120910b57f402a2428d56e913e8d05f2) Importer(815301076,1909f56bfc062723c751e8b465ee728b)
Start importing Assets/FlippedOff_Animations/FlippedOff_PlayerEating.anim using Guid(120910b57f402a2428d56e913e8d05f2) Importer(815301076,1909f56bfc062723c751e8b465ee728b)  -> (artifact id: 'c80f1742a8e1988c99603bea72080eff') in 0.003097 seconds 
  Import took 0.006490 seconds .

========================================================================
Received Prepare
Registering precompiled user dll's ...
Registered in 0.002669 seconds.
Begin MonoManager ReloadAssembly
Native extension for WindowsStandalone target not found
Refreshing native plugins compatible for Editor in 0.47 ms, found 3 plugins.
Preloading 0 native plugins for Editor in 0.00 ms.
Mono: successfully reloaded assembly
- Completed reload, in  0.873 seconds
Domain Reload Profiling:
	ReloadAssembly (874ms)
		BeginReloadAssembly (127ms)
			ExecutionOrderSort (0ms)
			DisableScriptedObjects (5ms)
			BackupInstance (0ms)
			ReleaseScriptingObjects (0ms)
			CreateAndSetChildDomain (33ms)
		EndReloadAssembly (700ms)
			LoadAssemblies (96ms)
			RebuildTransferFunctionScriptingTraits (0ms)
			SetupTypeCache (258ms)
			ReleaseScriptCaches (1ms)
			RebuildScriptCaches (38ms)
			SetupLoadedEditorAssemblies (241ms)
				LogAssemblyErrors (0ms)
				InitializePlatformSupportModulesInManaged (4ms)
				SetLoadedEditorAssemblies (0ms)
				RefreshPlugins (1ms)
				BeforeProcessingInitializeOnLoad (74ms)
				ProcessInitializeOnLoadAttributes (155ms)
				ProcessInitializeOnLoadMethodAttributes (5ms)
				AfterProcessingInitializeOnLoad (2ms)
				EditorAssembliesLoaded (0ms)
			ExecutionOrderSort2 (0ms)
			AwakeInstancesAfterBackupRestoration (9ms)
Platform modules already initialized, skipping
Refreshing native plugins compatible for Editor in 0.41 ms, found 3 plugins.
Preloading 0 native plugins for Editor in 0.00 ms.
Unloading 2090 Unused Serialized files (Serialized files now loaded: 0)
System memory in use before: 96.3 MB.
System memory in use after: 96.4 MB.

Unloading 15 unused Assets to reduce memory usage. Loaded Objects now: 2591.
Total: 3.042400 ms (FindLiveObjects: 0.206400 ms CreateObjectMapping: 0.074100 ms MarkObjects: 2.738000 ms  DeleteObjects: 0.022900 ms)

AssetImportParameters requested are different than current active one (requested -> active):
  custom:framework-win-MediaFoundation: 216162199b28c13a410421893ffa2e32 -> 
  custom:video-decoder-ogg-theora: a1e56fd34408186e4bbccfd4996cb3dc -> 
  custom:container-muxer-webm: aa71ff27fc2769a1b78a27578f13a17b -> 
  custom:container-demuxer-webm: 4f35f7cbe854078d1ac9338744f61a02 -> 
  custom:container-demuxer-ogg: 62fdf1f143b41e24485cea50d1cbac27 -> 
  custom:video-encoder-webm-vp8: eb34c28f22e8b96e1ab97ce403110664 -> 
  custom:video-codec-MediaFoundation-h265: 746d11721c4dcdbdad8f713fa42b33f4 -> 
  custom:video-decoder-webm-vp8: 9c59270c3fd7afecdb556c50c9e8de78 -> 
  custom:audio-decoder-ogg-vorbis: bf7c407c2cedff20999df2af8eb42d56 -> 
  custom:audio-encoder-webm-vorbis: bf7c407c2cedff20999df2af8eb42d56 -> 
========================================================================
Received Prepare
Registering precompiled user dll's ...
Registered in 0.002562 seconds.
Begin MonoManager ReloadAssembly
Native extension for WindowsStandalone target not found
Refreshing native plugins compatible for Editor in 0.40 ms, found 3 plugins.
Preloading 0 native plugins for Editor in 0.00 ms.
Mono: successfully reloaded assembly
- Completed reload, in  0.840 seconds
Domain Reload Profiling:
	ReloadAssembly (840ms)
		BeginReloadAssembly (115ms)
			ExecutionOrderSort (0ms)
			DisableScriptedObjects (5ms)
			BackupInstance (0ms)
			ReleaseScriptingObjects (0ms)
			CreateAndSetChildDomain (30ms)
		EndReloadAssembly (679ms)
			LoadAssemblies (98ms)
			RebuildTransferFunctionScriptingTraits (0ms)
			SetupTypeCache (239ms)
			ReleaseScriptCaches (1ms)
			RebuildScriptCaches (37ms)
			SetupLoadedEditorAssemblies (239ms)
				LogAssemblyErrors (0ms)
				InitializePlatformSupportModulesInManaged (4ms)
				SetLoadedEditorAssemblies (0ms)
				RefreshPlugins (0ms)
				BeforeProcessingInitializeOnLoad (72ms)
				ProcessInitializeOnLoadAttributes (156ms)
				ProcessInitializeOnLoadMethodAttributes (5ms)
				AfterProcessingInitializeOnLoad (2ms)
				EditorAssembliesLoaded (0ms)
			ExecutionOrderSort2 (0ms)
			AwakeInstancesAfterBackupRestoration (9ms)
Platform modules already initialized, skipping
Refreshing native plugins compatible for Editor in 0.43 ms, found 3 plugins.
Preloading 0 native plugins for Editor in 0.00 ms.
Unloading 2090 Unused Serialized files (Serialized files now loaded: 0)
System memory in use before: 96.4 MB.
System memory in use after: 96.5 MB.

Unloading 14 unused Assets to reduce memory usage. Loaded Objects now: 2594.
Total: 2.808400 ms (FindLiveObjects: 0.200800 ms CreateObjectMapping: 0.063900 ms MarkObjects: 2.525400 ms  DeleteObjects: 0.017200 ms)

AssetImportParameters requested are different than current active one (requested -> active):
  custom:framework-win-MediaFoundation: 216162199b28c13a410421893ffa2e32 -> 
  custom:video-decoder-ogg-theora: a1e56fd34408186e4bbccfd4996cb3dc -> 
  custom:container-muxer-webm: aa71ff27fc2769a1b78a27578f13a17b -> 
  custom:container-demuxer-webm: 4f35f7cbe854078d1ac9338744f61a02 -> 
  custom:container-demuxer-ogg: 62fdf1f143b41e24485cea50d1cbac27 -> 
  custom:video-encoder-webm-vp8: eb34c28f22e8b96e1ab97ce403110664 -> 
  custom:video-codec-MediaFoundation-h265: 746d11721c4dcdbdad8f713fa42b33f4 -> 
  custom:video-decoder-webm-vp8: 9c59270c3fd7afecdb556c50c9e8de78 -> 
  custom:audio-decoder-ogg-vorbis: bf7c407c2cedff20999df2af8eb42d56 -> 
  custom:audio-encoder-webm-vorbis: bf7c407c2cedff20999df2af8eb42d56 -> 
========================================================================
Received Import Request.
  Time since last request: 908.062133 seconds.
  path: Assets/Materials/Robot/FlippedOff_RobotBase.mat
  artifactKey: Guid(6afffb534f6d2674bae5f19204a4b0b2) Importer(815301076,1909f56bfc062723c751e8b465ee728b)
Start importing Assets/Materials/Robot/FlippedOff_RobotBase.mat using Guid(6afffb534f6d2674bae5f19204a4b0b2) Importer(815301076,1909f56bfc062723c751e8b465ee728b)  -> (artifact id: '97a25b5a8179616d814e789c52b62583') in 0.064521 seconds 
  Import took 0.068331 seconds .

========================================================================
Received Import Request.
  Time since last request: 0.000234 seconds.
  path: Assets/Materials/Robot/FlippedOff_RobotSilver.mat
  artifactKey: Guid(25012f84271677b4dbcfb649503b9afb) Importer(815301076,1909f56bfc062723c751e8b465ee728b)
Start importing Assets/Materials/Robot/FlippedOff_RobotSilver.mat using Guid(25012f84271677b4dbcfb649503b9afb) Importer(815301076,1909f56bfc062723c751e8b465ee728b)  -> (artifact id: '90af93b58b19a93456afe7a38a1876fd') in 0.011687 seconds 
  Import took 0.014664 seconds .

========================================================================
Received Import Request.
  Time since last request: 152.338259 seconds.
  path: Assets/Materials/FlippedOff_PlayerNormal.anim
  artifactKey: Guid(3d9a3270da8650d40b63cbc9cfd319dd) Importer(815301076,1909f56bfc062723c751e8b465ee728b)
Start importing Assets/Materials/FlippedOff_PlayerNormal.anim using Guid(3d9a3270da8650d40b63cbc9cfd319dd) Importer(815301076,1909f56bfc062723c751e8b465ee728b)  -> (artifact id: '6487d758a81c55f51da27509105758e5') in 0.005767 seconds 
  Import took 0.009733 seconds .

========================================================================
Received Import Request.
  Time since last request: 10.049149 seconds.
  path: Assets/Materials/FlippedOff_PlayerBounced.anim
  artifactKey: Guid(2835a2cde5b796642a82cbe012d5f96e) Importer(815301076,1909f56bfc062723c751e8b465ee728b)
Start importing Assets/Materials/FlippedOff_PlayerBounced.anim using Guid(2835a2cde5b796642a82cbe012d5f96e) Importer(815301076,1909f56bfc062723c751e8b465ee728b)  -> (artifact id: '8f2268a77d29f4d330c43aea1af60650') in 0.005887 seconds 
  Import took 0.009016 seconds .

========================================================================
Received Import Request.
  Time since last request: 54.198273 seconds.
  path: Assets/Materials/Player.controller
  artifactKey: Guid(0497054bf359daf48a570505af4c5690) Importer(815301076,1909f56bfc062723c751e8b465ee728b)
Start importing Assets/Materials/Player.controller using Guid(0497054bf359daf48a570505af4c5690) Importer(815301076,1909f56bfc062723c751e8b465ee728b)  -> (artifact id: 'b05b569f13eb7eac2f432e1e5d2fe65b') in 0.006114 seconds 
  Import took 0.009203 seconds .

========================================================================
Received Import Request.
  Time since last request: 20.928985 seconds.
  path: Assets/FlippedOff_PlayerController.controller
  artifactKey: Guid(0497054bf359daf48a570505af4c5690) Importer(815301076,1909f56bfc062723c751e8b465ee728b)
Start importing Assets/FlippedOff_PlayerController.controller using Guid(0497054bf359daf48a570505af4c5690) Importer(815301076,1909f56bfc062723c751e8b465ee728b)  -> (artifact id: 'b140b4421194d83639ccde683a6de533') in 0.005149 seconds 
  Import took 0.007988 seconds .

========================================================================
Received Import Request.
  Time since last request: 2.121645 seconds.
  path: Assets/FlippedOff_Animations/FlippedOff_PlayerBounced.anim
  artifactKey: Guid(2835a2cde5b796642a82cbe012d5f96e) Importer(815301076,1909f56bfc062723c751e8b465ee728b)
Start importing Assets/FlippedOff_Animations/FlippedOff_PlayerBounced.anim using Guid(2835a2cde5b796642a82cbe012d5f96e) Importer(815301076,1909f56bfc062723c751e8b465ee728b)  -> (artifact id: '35cc9186e1711d86d9e3df589207ae06') in 0.002070 seconds 
  Import took 0.005543 seconds .

========================================================================
Received Import Request.
  Time since last request: 2.276541 seconds.
  path: Assets/FlippedOff_Animations/FlippedOff_PlayerNormal.anim
  artifactKey: Guid(3d9a3270da8650d40b63cbc9cfd319dd) Importer(815301076,1909f56bfc062723c751e8b465ee728b)
Start importing Assets/FlippedOff_Animations/FlippedOff_PlayerNormal.anim using Guid(3d9a3270da8650d40b63cbc9cfd319dd) Importer(815301076,1909f56bfc062723c751e8b465ee728b)  -> (artifact id: 'cfc0cc2f7cd6ca880ea4cdfc892a6a9c') in 0.001958 seconds 
  Import took 0.005273 seconds .

========================================================================
Received Import Request.
  Time since last request: 11.296682 seconds.
  path: Assets/FlippedOff_Animations/FlippedOff_Plane0Controller.controller
  artifactKey: Guid(3f20464650d40a2459f6555a9dd2ec61) Importer(815301076,1909f56bfc062723c751e8b465ee728b)
Start importing Assets/FlippedOff_Animations/FlippedOff_Plane0Controller.controller using Guid(3f20464650d40a2459f6555a9dd2ec61) Importer(815301076,1909f56bfc062723c751e8b465ee728b)  -> (artifact id: 'c5d090888d05b4e2e361202c17480a38') in 0.005884 seconds 
  Import took 0.008982 seconds .

========================================================================
Received Import Request.
  Time since last request: 14.915150 seconds.
  path: Assets/FlippedOff_Animations/FlippedOff_PlayerController.controller
  artifactKey: Guid(6c6653d95865fd6439318317877acfc4) Importer(815301076,1909f56bfc062723c751e8b465ee728b)
Start importing Assets/FlippedOff_Animations/FlippedOff_PlayerController.controller using Guid(6c6653d95865fd6439318317877acfc4) Importer(815301076,1909f56bfc062723c751e8b465ee728b)  -> (artifact id: '7e8b6b685b34df18b4f2059ca4647b7c') in 0.002135 seconds 
  Import took 0.005187 seconds .

========================================================================
Received Import Request.
  Time since last request: 765.824457 seconds.
  path: Assets/slam.mp3
  artifactKey: Guid(9b6f0f437bff11e43a16db98dcfc4d25) Importer(815301076,1909f56bfc062723c751e8b465ee728b)
Start importing Assets/slam.mp3 using Guid(9b6f0f437bff11e43a16db98dcfc4d25) Importer(815301076,1909f56bfc062723c751e8b465ee728b)  -> (artifact id: '86243607827cdf656239f68f347de2f7') in 0.032960 seconds 
  Import took 0.036441 seconds .

========================================================================
Received Import Request.
  Time since last request: 216.535171 seconds.
  path: Assets/slam2.mp3
  artifactKey: Guid(5fc953ef44afbe84ba0b84ac36b8da88) Importer(815301076,1909f56bfc062723c751e8b465ee728b)
Start importing Assets/slam2.mp3 using Guid(5fc953ef44afbe84ba0b84ac36b8da88) Importer(815301076,1909f56bfc062723c751e8b465ee728b)  -> (artifact id: 'bb5bc83390b3c38db72e3c5fc59a0611') in 0.012768 seconds 
  Import took 0.016431 seconds .

========================================================================
Received Import Request.
  Time since last request: 8.091226 seconds.
  path: Assets/FlippedOff_Slam.mp3
  artifactKey: Guid(5fc953ef44afbe84ba0b84ac36b8da88) Importer(815301076,1909f56bfc062723c751e8b465ee728b)
Start importing Assets/FlippedOff_Slam.mp3 using Guid(5fc953ef44afbe84ba0b84ac36b8da88) Importer(815301076,1909f56bfc062723c751e8b465ee728b)  -> (artifact id: '31e379b1d232aa2013810404aaaff1d2') in 0.010432 seconds 
  Import took 0.014361 seconds .

========================================================================
Received Import Request.
  Time since last request: 8.197361 seconds.
  path: Assets/FlippedOff_Audio
  artifactKey: Guid(87be6977c85df074c99c4b010fedc000) Importer(815301076,1909f56bfc062723c751e8b465ee728b)
Start importing Assets/FlippedOff_Audio using Guid(87be6977c85df074c99c4b010fedc000) Importer(815301076,1909f56bfc062723c751e8b465ee728b)  -> (artifact id: '502523009dda6f2a2db455075647f0bf') in 0.006053 seconds 
  Import took 0.009200 seconds .

========================================================================
Received Prepare
Registering precompiled user dll's ...
Registered in 0.004695 seconds.
Begin MonoManager ReloadAssembly
Native extension for WindowsStandalone target not found
Refreshing native plugins compatible for Editor in 0.41 ms, found 3 plugins.
Preloading 0 native plugins for Editor in 0.00 ms.
Mono: successfully reloaded assembly
- Completed reload, in  0.907 seconds
Domain Reload Profiling:
	ReloadAssembly (907ms)
		BeginReloadAssembly (148ms)
			ExecutionOrderSort (0ms)
			DisableScriptedObjects (7ms)
			BackupInstance (0ms)
			ReleaseScriptingObjects (0ms)
			CreateAndSetChildDomain (45ms)
		EndReloadAssembly (707ms)
			LoadAssemblies (111ms)
			RebuildTransferFunctionScriptingTraits (0ms)
			SetupTypeCache (249ms)
			ReleaseScriptCaches (1ms)
			RebuildScriptCaches (36ms)
			SetupLoadedEditorAssemblies (259ms)
				LogAssemblyErrors (0ms)
				InitializePlatformSupportModulesInManaged (4ms)
				SetLoadedEditorAssemblies (0ms)
				RefreshPlugins (0ms)
				BeforeProcessingInitializeOnLoad (71ms)
				ProcessInitializeOnLoadAttributes (175ms)
				ProcessInitializeOnLoadMethodAttributes (6ms)
				AfterProcessingInitializeOnLoad (2ms)
				EditorAssembliesLoaded (0ms)
			ExecutionOrderSort2 (0ms)
			AwakeInstancesAfterBackupRestoration (10ms)
Platform modules already initialized, skipping
Refreshing native plugins compatible for Editor in 0.44 ms, found 3 plugins.
Preloading 0 native plugins for Editor in 0.00 ms.
Unloading 2090 Unused Serialized files (Serialized files now loaded: 0)
System memory in use before: 96.4 MB.
System memory in use after: 96.6 MB.

Unloading 14 unused Assets to reduce memory usage. Loaded Objects now: 2600.
Total: 2.732900 ms (FindLiveObjects: 0.201400 ms CreateObjectMapping: 0.091000 ms MarkObjects: 2.422700 ms  DeleteObjects: 0.017100 ms)

AssetImportParameters requested are different than current active one (requested -> active):
  custom:framework-win-MediaFoundation: 216162199b28c13a410421893ffa2e32 -> 
  custom:video-decoder-ogg-theora: a1e56fd34408186e4bbccfd4996cb3dc -> 
  custom:container-muxer-webm: aa71ff27fc2769a1b78a27578f13a17b -> 
  custom:container-demuxer-webm: 4f35f7cbe854078d1ac9338744f61a02 -> 
  custom:container-demuxer-ogg: 62fdf1f143b41e24485cea50d1cbac27 -> 
  custom:video-encoder-webm-vp8: eb34c28f22e8b96e1ab97ce403110664 -> 
  custom:video-codec-MediaFoundation-h265: 746d11721c4dcdbdad8f713fa42b33f4 -> 
  custom:video-decoder-webm-vp8: 9c59270c3fd7afecdb556c50c9e8de78 -> 
  custom:audio-decoder-ogg-vorbis: bf7c407c2cedff20999df2af8eb42d56 -> 
  custom:audio-encoder-webm-vorbis: bf7c407c2cedff20999df2af8eb42d56 -> 
========================================================================
Received Prepare
Registering precompiled user dll's ...
Registered in 0.002883 seconds.
Begin MonoManager ReloadAssembly
Native extension for WindowsStandalone target not found
Refreshing native plugins compatible for Editor in 0.41 ms, found 3 plugins.
Preloading 0 native plugins for Editor in 0.00 ms.
Mono: successfully reloaded assembly
- Completed reload, in  0.830 seconds
Domain Reload Profiling:
	ReloadAssembly (830ms)
		BeginReloadAssembly (109ms)
			ExecutionOrderSort (0ms)
			DisableScriptedObjects (5ms)
			BackupInstance (0ms)
			ReleaseScriptingObjects (0ms)
			CreateAndSetChildDomain (30ms)
		EndReloadAssembly (676ms)
			LoadAssemblies (89ms)
			RebuildTransferFunctionScriptingTraits (0ms)
			SetupTypeCache (240ms)
			ReleaseScriptCaches (1ms)
			RebuildScriptCaches (36ms)
			SetupLoadedEditorAssemblies (241ms)
				LogAssemblyErrors (0ms)
				InitializePlatformSupportModulesInManaged (4ms)
				SetLoadedEditorAssemblies (0ms)
				RefreshPlugins (0ms)
				BeforeProcessingInitializeOnLoad (72ms)
				ProcessInitializeOnLoadAttributes (157ms)
				ProcessInitializeOnLoadMethodAttributes (5ms)
				AfterProcessingInitializeOnLoad (2ms)
				EditorAssembliesLoaded (0ms)
			ExecutionOrderSort2 (0ms)
			AwakeInstancesAfterBackupRestoration (9ms)
Platform modules already initialized, skipping
Refreshing native plugins compatible for Editor in 0.43 ms, found 3 plugins.
Preloading 0 native plugins for Editor in 0.00 ms.
Unloading 2090 Unused Serialized files (Serialized files now loaded: 0)
System memory in use before: 96.5 MB.
System memory in use after: 96.6 MB.

Unloading 14 unused Assets to reduce memory usage. Loaded Objects now: 2603.
Total: 2.986700 ms (FindLiveObjects: 0.193100 ms CreateObjectMapping: 0.077900 ms MarkObjects: 2.698100 ms  DeleteObjects: 0.016500 ms)

AssetImportParameters requested are different than current active one (requested -> active):
  custom:framework-win-MediaFoundation: 216162199b28c13a410421893ffa2e32 -> 
  custom:video-decoder-ogg-theora: a1e56fd34408186e4bbccfd4996cb3dc -> 
  custom:container-muxer-webm: aa71ff27fc2769a1b78a27578f13a17b -> 
  custom:container-demuxer-webm: 4f35f7cbe854078d1ac9338744f61a02 -> 
  custom:container-demuxer-ogg: 62fdf1f143b41e24485cea50d1cbac27 -> 
  custom:video-encoder-webm-vp8: eb34c28f22e8b96e1ab97ce403110664 -> 
  custom:video-codec-MediaFoundation-h265: 746d11721c4dcdbdad8f713fa42b33f4 -> 
  custom:video-decoder-webm-vp8: 9c59270c3fd7afecdb556c50c9e8de78 -> 
  custom:audio-decoder-ogg-vorbis: bf7c407c2cedff20999df2af8eb42d56 -> 
  custom:audio-encoder-webm-vorbis: bf7c407c2cedff20999df2af8eb42d56 -> 
========================================================================
Received Prepare
Registering precompiled user dll's ...
Registered in 0.002531 seconds.
Begin MonoManager ReloadAssembly
Native extension for WindowsStandalone target not found
Refreshing native plugins compatible for Editor in 0.43 ms, found 3 plugins.
Preloading 0 native plugins for Editor in 0.00 ms.
Mono: successfully reloaded assembly
- Completed reload, in  0.905 seconds
Domain Reload Profiling:
	ReloadAssembly (905ms)
		BeginReloadAssembly (131ms)
			ExecutionOrderSort (0ms)
			DisableScriptedObjects (5ms)
			BackupInstance (0ms)
			ReleaseScriptingObjects (0ms)
			CreateAndSetChildDomain (29ms)
		EndReloadAssembly (725ms)
			LoadAssemblies (114ms)
			RebuildTransferFunctionScriptingTraits (0ms)
			SetupTypeCache (253ms)
			ReleaseScriptCaches (1ms)
			RebuildScriptCaches (44ms)
			SetupLoadedEditorAssemblies (249ms)
				LogAssemblyErrors (0ms)
				InitializePlatformSupportModulesInManaged (4ms)
				SetLoadedEditorAssemblies (0ms)
				RefreshPlugins (0ms)
				BeforeProcessingInitializeOnLoad (76ms)
				ProcessInitializeOnLoadAttributes (161ms)
				ProcessInitializeOnLoadMethodAttributes (5ms)
				AfterProcessingInitializeOnLoad (2ms)
				EditorAssembliesLoaded (0ms)
			ExecutionOrderSort2 (0ms)
			AwakeInstancesAfterBackupRestoration (9ms)
Platform modules already initialized, skipping
Refreshing native plugins compatible for Editor in 0.45 ms, found 3 plugins.
Preloading 0 native plugins for Editor in 0.00 ms.
Unloading 2090 Unused Serialized files (Serialized files now loaded: 0)
System memory in use before: 96.5 MB.
System memory in use after: 96.6 MB.

Unloading 14 unused Assets to reduce memory usage. Loaded Objects now: 2606.
Total: 2.758800 ms (FindLiveObjects: 0.184400 ms CreateObjectMapping: 0.077700 ms MarkObjects: 2.480000 ms  DeleteObjects: 0.015800 ms)

AssetImportParameters requested are different than current active one (requested -> active):
  custom:framework-win-MediaFoundation: 216162199b28c13a410421893ffa2e32 -> 
  custom:video-decoder-ogg-theora: a1e56fd34408186e4bbccfd4996cb3dc -> 
  custom:container-muxer-webm: aa71ff27fc2769a1b78a27578f13a17b -> 
  custom:container-demuxer-webm: 4f35f7cbe854078d1ac9338744f61a02 -> 
  custom:container-demuxer-ogg: 62fdf1f143b41e24485cea50d1cbac27 -> 
  custom:video-encoder-webm-vp8: eb34c28f22e8b96e1ab97ce403110664 -> 
  custom:video-codec-MediaFoundation-h265: 746d11721c4dcdbdad8f713fa42b33f4 -> 
  custom:video-decoder-webm-vp8: 9c59270c3fd7afecdb556c50c9e8de78 -> 
  custom:audio-decoder-ogg-vorbis: bf7c407c2cedff20999df2af8eb42d56 -> 
  custom:audio-encoder-webm-vorbis: bf7c407c2cedff20999df2af8eb42d56 -> 
========================================================================
Received Prepare
Registering precompiled user dll's ...
Registered in 0.002577 seconds.
Begin MonoManager ReloadAssembly
Native extension for WindowsStandalone target not found
Refreshing native plugins compatible for Editor in 0.43 ms, found 3 plugins.
Preloading 0 native plugins for Editor in 0.00 ms.
Mono: successfully reloaded assembly
- Completed reload, in  0.887 seconds
Domain Reload Profiling:
	ReloadAssembly (888ms)
		BeginReloadAssembly (107ms)
			ExecutionOrderSort (0ms)
			DisableScriptedObjects (5ms)
			BackupInstance (0ms)
			ReleaseScriptingObjects (0ms)
			CreateAndSetChildDomain (29ms)
		EndReloadAssembly (732ms)
			LoadAssemblies (88ms)
			RebuildTransferFunctionScriptingTraits (0ms)
			SetupTypeCache (273ms)
			ReleaseScriptCaches (1ms)
			RebuildScriptCaches (38ms)
			SetupLoadedEditorAssemblies (252ms)
				LogAssemblyErrors (0ms)
				InitializePlatformSupportModulesInManaged (5ms)
				SetLoadedEditorAssemblies (1ms)
				RefreshPlugins (0ms)
				BeforeProcessingInitializeOnLoad (74ms)
				ProcessInitializeOnLoadAttributes (165ms)
				ProcessInitializeOnLoadMethodAttributes (5ms)
				AfterProcessingInitializeOnLoad (2ms)
				EditorAssembliesLoaded (0ms)
			ExecutionOrderSort2 (0ms)
			AwakeInstancesAfterBackupRestoration (10ms)
Platform modules already initialized, skipping
Refreshing native plugins compatible for Editor in 0.43 ms, found 3 plugins.
Preloading 0 native plugins for Editor in 0.00 ms.
Unloading 2090 Unused Serialized files (Serialized files now loaded: 0)
System memory in use before: 96.5 MB.
System memory in use after: 96.6 MB.

Unloading 14 unused Assets to reduce memory usage. Loaded Objects now: 2609.
Total: 2.774000 ms (FindLiveObjects: 0.183600 ms CreateObjectMapping: 0.076300 ms MarkObjects: 2.496000 ms  DeleteObjects: 0.016300 ms)

AssetImportParameters requested are different than current active one (requested -> active):
  custom:framework-win-MediaFoundation: 216162199b28c13a410421893ffa2e32 -> 
  custom:video-decoder-ogg-theora: a1e56fd34408186e4bbccfd4996cb3dc -> 
  custom:container-muxer-webm: aa71ff27fc2769a1b78a27578f13a17b -> 
  custom:container-demuxer-webm: 4f35f7cbe854078d1ac9338744f61a02 -> 
  custom:container-demuxer-ogg: 62fdf1f143b41e24485cea50d1cbac27 -> 
  custom:video-encoder-webm-vp8: eb34c28f22e8b96e1ab97ce403110664 -> 
  custom:video-codec-MediaFoundation-h265: 746d11721c4dcdbdad8f713fa42b33f4 -> 
  custom:video-decoder-webm-vp8: 9c59270c3fd7afecdb556c50c9e8de78 -> 
  custom:audio-decoder-ogg-vorbis: bf7c407c2cedff20999df2af8eb42d56 -> 
  custom:audio-encoder-webm-vorbis: bf7c407c2cedff20999df2af8eb42d56 -> 
========================================================================
Received Prepare
Registering precompiled user dll's ...
Registered in 0.002647 seconds.
Begin MonoManager ReloadAssembly
Native extension for WindowsStandalone target not found
Refreshing native plugins compatible for Editor in 0.43 ms, found 3 plugins.
Preloading 0 native plugins for Editor in 0.00 ms.
Mono: successfully reloaded assembly
- Completed reload, in  0.875 seconds
Domain Reload Profiling:
	ReloadAssembly (875ms)
		BeginReloadAssembly (115ms)
			ExecutionOrderSort (0ms)
			DisableScriptedObjects (5ms)
			BackupInstance (0ms)
			ReleaseScriptingObjects (0ms)
			CreateAndSetChildDomain (28ms)
		EndReloadAssembly (714ms)
			LoadAssemblies (100ms)
			RebuildTransferFunctionScriptingTraits (0ms)
			SetupTypeCache (248ms)
			ReleaseScriptCaches (1ms)
			RebuildScriptCaches (40ms)
			SetupLoadedEditorAssemblies (247ms)
				LogAssemblyErrors (0ms)
				InitializePlatformSupportModulesInManaged (4ms)
				SetLoadedEditorAssemblies (0ms)
				RefreshPlugins (0ms)
				BeforeProcessingInitializeOnLoad (72ms)
				ProcessInitializeOnLoadAttributes (163ms)
				ProcessInitializeOnLoadMethodAttributes (5ms)
				AfterProcessingInitializeOnLoad (2ms)
				EditorAssembliesLoaded (0ms)
			ExecutionOrderSort2 (0ms)
			AwakeInstancesAfterBackupRestoration (9ms)
Platform modules already initialized, skipping
Refreshing native plugins compatible for Editor in 0.41 ms, found 3 plugins.
Preloading 0 native plugins for Editor in 0.00 ms.
Unloading 2090 Unused Serialized files (Serialized files now loaded: 0)
System memory in use before: 96.5 MB.
System memory in use after: 96.6 MB.

Unloading 14 unused Assets to reduce memory usage. Loaded Objects now: 2612.
Total: 3.008800 ms (FindLiveObjects: 0.199100 ms CreateObjectMapping: 0.071700 ms MarkObjects: 2.713500 ms  DeleteObjects: 0.023300 ms)

AssetImportParameters requested are different than current active one (requested -> active):
  custom:framework-win-MediaFoundation: 216162199b28c13a410421893ffa2e32 -> 
  custom:video-decoder-ogg-theora: a1e56fd34408186e4bbccfd4996cb3dc -> 
  custom:container-muxer-webm: aa71ff27fc2769a1b78a27578f13a17b -> 
  custom:container-demuxer-webm: 4f35f7cbe854078d1ac9338744f61a02 -> 
  custom:container-demuxer-ogg: 62fdf1f143b41e24485cea50d1cbac27 -> 
  custom:video-encoder-webm-vp8: eb34c28f22e8b96e1ab97ce403110664 -> 
  custom:video-codec-MediaFoundation-h265: 746d11721c4dcdbdad8f713fa42b33f4 -> 
  custom:video-decoder-webm-vp8: 9c59270c3fd7afecdb556c50c9e8de78 -> 
  custom:audio-decoder-ogg-vorbis: bf7c407c2cedff20999df2af8eb42d56 -> 
  custom:audio-encoder-webm-vorbis: bf7c407c2cedff20999df2af8eb42d56 -> 
========================================================================
Received Prepare
Registering precompiled user dll's ...
Registered in 0.002587 seconds.
Begin MonoManager ReloadAssembly
Native extension for WindowsStandalone target not found
Refreshing native plugins compatible for Editor in 0.41 ms, found 3 plugins.
Preloading 0 native plugins for Editor in 0.00 ms.
Mono: successfully reloaded assembly
- Completed reload, in  0.861 seconds
Domain Reload Profiling:
	ReloadAssembly (862ms)
		BeginReloadAssembly (116ms)
			ExecutionOrderSort (0ms)
			DisableScriptedObjects (5ms)
			BackupInstance (0ms)
			ReleaseScriptingObjects (0ms)
			CreateAndSetChildDomain (29ms)
		EndReloadAssembly (698ms)
			LoadAssemblies (102ms)
			RebuildTransferFunctionScriptingTraits (0ms)
			SetupTypeCache (251ms)
			ReleaseScriptCaches (1ms)
			RebuildScriptCaches (37ms)
			SetupLoadedEditorAssemblies (241ms)
				LogAssemblyErrors (0ms)
				InitializePlatformSupportModulesInManaged (4ms)
				SetLoadedEditorAssemblies (0ms)
				RefreshPlugins (0ms)
				BeforeProcessingInitializeOnLoad (73ms)
				ProcessInitializeOnLoadAttributes (156ms)
				ProcessInitializeOnLoadMethodAttributes (5ms)
				AfterProcessingInitializeOnLoad (2ms)
				EditorAssembliesLoaded (0ms)
			ExecutionOrderSort2 (0ms)
			AwakeInstancesAfterBackupRestoration (9ms)
Platform modules already initialized, skipping
Refreshing native plugins compatible for Editor in 0.41 ms, found 3 plugins.
Preloading 0 native plugins for Editor in 0.00 ms.
Unloading 2090 Unused Serialized files (Serialized files now loaded: 0)
System memory in use before: 96.5 MB.
System memory in use after: 96.6 MB.

Unloading 14 unused Assets to reduce memory usage. Loaded Objects now: 2615.
Total: 3.324500 ms (FindLiveObjects: 0.175900 ms CreateObjectMapping: 0.070000 ms MarkObjects: 3.054200 ms  DeleteObjects: 0.023000 ms)

AssetImportParameters requested are different than current active one (requested -> active):
  custom:framework-win-MediaFoundation: 216162199b28c13a410421893ffa2e32 -> 
  custom:video-decoder-ogg-theora: a1e56fd34408186e4bbccfd4996cb3dc -> 
  custom:container-muxer-webm: aa71ff27fc2769a1b78a27578f13a17b -> 
  custom:container-demuxer-webm: 4f35f7cbe854078d1ac9338744f61a02 -> 
  custom:container-demuxer-ogg: 62fdf1f143b41e24485cea50d1cbac27 -> 
  custom:video-encoder-webm-vp8: eb34c28f22e8b96e1ab97ce403110664 -> 
  custom:video-codec-MediaFoundation-h265: 746d11721c4dcdbdad8f713fa42b33f4 -> 
  custom:video-decoder-webm-vp8: 9c59270c3fd7afecdb556c50c9e8de78 -> 
  custom:audio-decoder-ogg-vorbis: bf7c407c2cedff20999df2af8eb42d56 -> 
  custom:audio-encoder-webm-vorbis: bf7c407c2cedff20999df2af8eb42d56 -> 
========================================================================
Received Prepare
Registering precompiled user dll's ...
Registered in 0.002556 seconds.
Begin MonoManager ReloadAssembly
Native extension for WindowsStandalone target not found
Refreshing native plugins compatible for Editor in 0.41 ms, found 3 plugins.
Preloading 0 native plugins for Editor in 0.00 ms.
Mono: successfully reloaded assembly
- Completed reload, in  0.857 seconds
Domain Reload Profiling:
	ReloadAssembly (857ms)
		BeginReloadAssembly (111ms)
			ExecutionOrderSort (0ms)
			DisableScriptedObjects (6ms)
			BackupInstance (0ms)
			ReleaseScriptingObjects (0ms)
			CreateAndSetChildDomain (29ms)
		EndReloadAssembly (700ms)
			LoadAssemblies (87ms)
			RebuildTransferFunctionScriptingTraits (0ms)
			SetupTypeCache (249ms)
			ReleaseScriptCaches (1ms)
			RebuildScriptCaches (36ms)
			SetupLoadedEditorAssemblies (251ms)
				LogAssemblyErrors (0ms)
				InitializePlatformSupportModulesInManaged (4ms)
				SetLoadedEditorAssemblies (0ms)
				RefreshPlugins (0ms)
				BeforeProcessingInitializeOnLoad (84ms)
				ProcessInitializeOnLoadAttributes (156ms)
				ProcessInitializeOnLoadMethodAttributes (5ms)
				AfterProcessingInitializeOnLoad (2ms)
				EditorAssembliesLoaded (0ms)
			ExecutionOrderSort2 (0ms)
			AwakeInstancesAfterBackupRestoration (9ms)
Platform modules already initialized, skipping
Refreshing native plugins compatible for Editor in 0.42 ms, found 3 plugins.
Preloading 0 native plugins for Editor in 0.00 ms.
Unloading 2090 Unused Serialized files (Serialized files now loaded: 0)
System memory in use before: 96.5 MB.
System memory in use after: 96.6 MB.

Unloading 14 unused Assets to reduce memory usage. Loaded Objects now: 2618.
Total: 2.687200 ms (FindLiveObjects: 0.195800 ms CreateObjectMapping: 0.079100 ms MarkObjects: 2.393600 ms  DeleteObjects: 0.017200 ms)

AssetImportParameters requested are different than current active one (requested -> active):
  custom:framework-win-MediaFoundation: 216162199b28c13a410421893ffa2e32 -> 
  custom:video-decoder-ogg-theora: a1e56fd34408186e4bbccfd4996cb3dc -> 
  custom:container-muxer-webm: aa71ff27fc2769a1b78a27578f13a17b -> 
  custom:container-demuxer-webm: 4f35f7cbe854078d1ac9338744f61a02 -> 
  custom:container-demuxer-ogg: 62fdf1f143b41e24485cea50d1cbac27 -> 
  custom:video-encoder-webm-vp8: eb34c28f22e8b96e1ab97ce403110664 -> 
  custom:video-codec-MediaFoundation-h265: 746d11721c4dcdbdad8f713fa42b33f4 -> 
  custom:video-decoder-webm-vp8: 9c59270c3fd7afecdb556c50c9e8de78 -> 
  custom:audio-decoder-ogg-vorbis: bf7c407c2cedff20999df2af8eb42d56 -> 
  custom:audio-encoder-webm-vorbis: bf7c407c2cedff20999df2af8eb42d56 -> 
========================================================================
Received Prepare
Registering precompiled user dll's ...
Registered in 0.002795 seconds.
Begin MonoManager ReloadAssembly
Native extension for WindowsStandalone target not found
Refreshing native plugins compatible for Editor in 0.40 ms, found 3 plugins.
Preloading 0 native plugins for Editor in 0.00 ms.
Mono: successfully reloaded assembly
- Completed reload, in  0.838 seconds
Domain Reload Profiling:
	ReloadAssembly (838ms)
		BeginReloadAssembly (110ms)
			ExecutionOrderSort (0ms)
			DisableScriptedObjects (5ms)
			BackupInstance (0ms)
			ReleaseScriptingObjects (0ms)
			CreateAndSetChildDomain (27ms)
		EndReloadAssembly (681ms)
			LoadAssemblies (89ms)
			RebuildTransferFunctionScriptingTraits (0ms)
			SetupTypeCache (237ms)
			ReleaseScriptCaches (1ms)
			RebuildScriptCaches (36ms)
			SetupLoadedEditorAssemblies (244ms)
				LogAssemblyErrors (0ms)
				InitializePlatformSupportModulesInManaged (4ms)
				SetLoadedEditorAssemblies (0ms)
				RefreshPlugins (0ms)
				BeforeProcessingInitializeOnLoad (80ms)
				ProcessInitializeOnLoadAttributes (152ms)
				ProcessInitializeOnLoadMethodAttributes (5ms)
				AfterProcessingInitializeOnLoad (2ms)
				EditorAssembliesLoaded (0ms)
			ExecutionOrderSort2 (0ms)
			AwakeInstancesAfterBackupRestoration (11ms)
Platform modules already initialized, skipping
Refreshing native plugins compatible for Editor in 0.42 ms, found 3 plugins.
Preloading 0 native plugins for Editor in 0.00 ms.
Unloading 2090 Unused Serialized files (Serialized files now loaded: 0)
System memory in use before: 96.5 MB.
System memory in use after: 96.6 MB.

Unloading 14 unused Assets to reduce memory usage. Loaded Objects now: 2621.
Total: 2.637100 ms (FindLiveObjects: 0.182100 ms CreateObjectMapping: 0.070700 ms MarkObjects: 2.368100 ms  DeleteObjects: 0.015300 ms)

AssetImportParameters requested are different than current active one (requested -> active):
  custom:framework-win-MediaFoundation: 216162199b28c13a410421893ffa2e32 -> 
  custom:video-decoder-ogg-theora: a1e56fd34408186e4bbccfd4996cb3dc -> 
  custom:container-muxer-webm: aa71ff27fc2769a1b78a27578f13a17b -> 
  custom:container-demuxer-webm: 4f35f7cbe854078d1ac9338744f61a02 -> 
  custom:container-demuxer-ogg: 62fdf1f143b41e24485cea50d1cbac27 -> 
  custom:video-encoder-webm-vp8: eb34c28f22e8b96e1ab97ce403110664 -> 
  custom:video-codec-MediaFoundation-h265: 746d11721c4dcdbdad8f713fa42b33f4 -> 
  custom:video-decoder-webm-vp8: 9c59270c3fd7afecdb556c50c9e8de78 -> 
  custom:audio-decoder-ogg-vorbis: bf7c407c2cedff20999df2af8eb42d56 -> 
  custom:audio-encoder-webm-vorbis: bf7c407c2cedff20999df2af8eb42d56 -> 
========================================================================
Received Import Request.
  Time since last request: 475.073295 seconds.
  path: Assets/FlippedOff_Audio/slam3.mp3
  artifactKey: Guid(7e94559ff0ef4a549839aa4538253cb9) Importer(815301076,1909f56bfc062723c751e8b465ee728b)
Start importing Assets/FlippedOff_Audio/slam3.mp3 using Guid(7e94559ff0ef4a549839aa4538253cb9) Importer(815301076,1909f56bfc062723c751e8b465ee728b)  -> (artifact id: '1d6ea5b3c297cb010f6bca7c09765242') in 0.042026 seconds 
  Import took 0.045229 seconds .

========================================================================
Received Import Request.
  Time since last request: 8.674342 seconds.
  path: Assets/FlippedOff_Audio/FlippedOff_Slam.mp3
  artifactKey: Guid(7e94559ff0ef4a549839aa4538253cb9) Importer(815301076,1909f56bfc062723c751e8b465ee728b)
Start importing Assets/FlippedOff_Audio/FlippedOff_Slam.mp3 using Guid(7e94559ff0ef4a549839aa4538253cb9) Importer(815301076,1909f56bfc062723c751e8b465ee728b)  -> (artifact id: 'aeedb30a71bddd4dca7269cfdd4f706c') in 0.007684 seconds 
  Import took 0.010700 seconds .

========================================================================
Received Prepare
Registering precompiled user dll's ...
Registered in 0.002600 seconds.
Begin MonoManager ReloadAssembly
Native extension for WindowsStandalone target not found
Refreshing native plugins compatible for Editor in 0.50 ms, found 3 plugins.
Preloading 0 native plugins for Editor in 0.00 ms.
Mono: successfully reloaded assembly
- Completed reload, in  0.879 seconds
Domain Reload Profiling:
	ReloadAssembly (880ms)
		BeginReloadAssembly (124ms)
			ExecutionOrderSort (0ms)
			DisableScriptedObjects (6ms)
			BackupInstance (0ms)
			ReleaseScriptingObjects (0ms)
			CreateAndSetChildDomain (35ms)
		EndReloadAssembly (707ms)
			LoadAssemblies (100ms)
			RebuildTransferFunctionScriptingTraits (0ms)
			SetupTypeCache (247ms)
			ReleaseScriptCaches (1ms)
			RebuildScriptCaches (38ms)
			SetupLoadedEditorAssemblies (253ms)
				LogAssemblyErrors (0ms)
				InitializePlatformSupportModulesInManaged (4ms)
				SetLoadedEditorAssemblies (0ms)
				RefreshPlugins (1ms)
				BeforeProcessingInitializeOnLoad (74ms)
				ProcessInitializeOnLoadAttributes (166ms)
				ProcessInitializeOnLoadMethodAttributes (6ms)
				AfterProcessingInitializeOnLoad (2ms)
				EditorAssembliesLoaded (0ms)
			ExecutionOrderSort2 (0ms)
			AwakeInstancesAfterBackupRestoration (9ms)
Platform modules already initialized, skipping
Refreshing native plugins compatible for Editor in 0.42 ms, found 3 plugins.
Preloading 0 native plugins for Editor in 0.00 ms.
Unloading 2090 Unused Serialized files (Serialized files now loaded: 0)
System memory in use before: 96.5 MB.
System memory in use after: 96.6 MB.

Unloading 14 unused Assets to reduce memory usage. Loaded Objects now: 2625.
Total: 3.074100 ms (FindLiveObjects: 0.196200 ms CreateObjectMapping: 0.054100 ms MarkObjects: 2.804200 ms  DeleteObjects: 0.018700 ms)

AssetImportParameters requested are different than current active one (requested -> active):
  custom:framework-win-MediaFoundation: 216162199b28c13a410421893ffa2e32 -> 
  custom:video-decoder-ogg-theora: a1e56fd34408186e4bbccfd4996cb3dc -> 
  custom:container-muxer-webm: aa71ff27fc2769a1b78a27578f13a17b -> 
  custom:container-demuxer-webm: 4f35f7cbe854078d1ac9338744f61a02 -> 
  custom:container-demuxer-ogg: 62fdf1f143b41e24485cea50d1cbac27 -> 
  custom:video-encoder-webm-vp8: eb34c28f22e8b96e1ab97ce403110664 -> 
  custom:video-codec-MediaFoundation-h265: 746d11721c4dcdbdad8f713fa42b33f4 -> 
  custom:video-decoder-webm-vp8: 9c59270c3fd7afecdb556c50c9e8de78 -> 
  custom:audio-decoder-ogg-vorbis: bf7c407c2cedff20999df2af8eb42d56 -> 
  custom:audio-encoder-webm-vorbis: bf7c407c2cedff20999df2af8eb42d56 -> 
========================================================================
Received Import Request.
  Time since last request: 131.267774 seconds.
  path: Assets/FlippedOff_Audio/slam.mp3
  artifactKey: Guid(49236509f42ed384dbd8e0b2a47e2ae8) Importer(815301076,1909f56bfc062723c751e8b465ee728b)
Start importing Assets/FlippedOff_Audio/slam.mp3 using Guid(49236509f42ed384dbd8e0b2a47e2ae8) Importer(815301076,1909f56bfc062723c751e8b465ee728b)  -> (artifact id: 'b53385f7738d97cc244896975bcf9edb') in 0.035711 seconds 
  Import took 0.038753 seconds .

========================================================================
Received Import Request.
  Time since last request: 10.785881 seconds.
  path: Assets/FlippedOff_Audio/FlippedOff_Slam.mp3
  artifactKey: Guid(49236509f42ed384dbd8e0b2a47e2ae8) Importer(815301076,1909f56bfc062723c751e8b465ee728b)
Start importing Assets/FlippedOff_Audio/FlippedOff_Slam.mp3 using Guid(49236509f42ed384dbd8e0b2a47e2ae8) Importer(815301076,1909f56bfc062723c751e8b465ee728b)  -> (artifact id: 'a55cfe6667ef211e93b8b7f06f72d6a4') in 0.007415 seconds 
  Import took 0.010339 seconds .

========================================================================
Received Prepare
Registering precompiled user dll's ...
Registered in 0.004567 seconds.
Begin MonoManager ReloadAssembly
Native extension for WindowsStandalone target not found
Refreshing native plugins compatible for Editor in 0.42 ms, found 3 plugins.
Preloading 0 native plugins for Editor in 0.00 ms.
Mono: successfully reloaded assembly
- Completed reload, in  0.825 seconds
Domain Reload Profiling:
	ReloadAssembly (825ms)
		BeginReloadAssembly (104ms)
			ExecutionOrderSort (0ms)
			DisableScriptedObjects (5ms)
			BackupInstance (0ms)
			ReleaseScriptingObjects (0ms)
			CreateAndSetChildDomain (29ms)
		EndReloadAssembly (674ms)
			LoadAssemblies (91ms)
			RebuildTransferFunctionScriptingTraits (0ms)
			SetupTypeCache (240ms)
			ReleaseScriptCaches (1ms)
			RebuildScriptCaches (37ms)
			SetupLoadedEditorAssemblies (236ms)
				LogAssemblyErrors (0ms)
				InitializePlatformSupportModulesInManaged (4ms)
				SetLoadedEditorAssemblies (0ms)
				RefreshPlugins (0ms)
				BeforeProcessingInitializeOnLoad (69ms)
				ProcessInitializeOnLoadAttributes (156ms)
				ProcessInitializeOnLoadMethodAttributes (5ms)
				AfterProcessingInitializeOnLoad (3ms)
				EditorAssembliesLoaded (0ms)
			ExecutionOrderSort2 (0ms)
			AwakeInstancesAfterBackupRestoration (9ms)
Platform modules already initialized, skipping
Refreshing native plugins compatible for Editor in 0.40 ms, found 3 plugins.
Preloading 0 native plugins for Editor in 0.00 ms.
Unloading 2090 Unused Serialized files (Serialized files now loaded: 0)
System memory in use before: 96.5 MB.
System memory in use after: 96.6 MB.

Unloading 14 unused Assets to reduce memory usage. Loaded Objects now: 2629.
Total: 2.674100 ms (FindLiveObjects: 0.177000 ms CreateObjectMapping: 0.063700 ms MarkObjects: 2.417100 ms  DeleteObjects: 0.015400 ms)

AssetImportParameters requested are different than current active one (requested -> active):
  custom:framework-win-MediaFoundation: 216162199b28c13a410421893ffa2e32 -> 
  custom:video-decoder-ogg-theora: a1e56fd34408186e4bbccfd4996cb3dc -> 
  custom:container-muxer-webm: aa71ff27fc2769a1b78a27578f13a17b -> 
  custom:container-demuxer-webm: 4f35f7cbe854078d1ac9338744f61a02 -> 
  custom:container-demuxer-ogg: 62fdf1f143b41e24485cea50d1cbac27 -> 
  custom:video-encoder-webm-vp8: eb34c28f22e8b96e1ab97ce403110664 -> 
  custom:video-codec-MediaFoundation-h265: 746d11721c4dcdbdad8f713fa42b33f4 -> 
  custom:video-decoder-webm-vp8: 9c59270c3fd7afecdb556c50c9e8de78 -> 
  custom:audio-decoder-ogg-vorbis: bf7c407c2cedff20999df2af8eb42d56 -> 
  custom:audio-encoder-webm-vorbis: bf7c407c2cedff20999df2af8eb42d56 -> 
========================================================================
Received Import Request.
  Time since last request: 245.825999 seconds.
  path: Assets/FlippedOff_Audio/collect.mp3
  artifactKey: Guid(4909ee9b9a90e1e40af871e9fd071d7d) Importer(815301076,1909f56bfc062723c751e8b465ee728b)
Start importing Assets/FlippedOff_Audio/collect.mp3 using Guid(4909ee9b9a90e1e40af871e9fd071d7d) Importer(815301076,1909f56bfc062723c751e8b465ee728b)  -> (artifact id: 'ce3299098700699bd9e1a763b4a98550') in 0.038775 seconds 
  Import took 0.043176 seconds .

========================================================================
Received Prepare
Registering precompiled user dll's ...
Registered in 0.002619 seconds.
Begin MonoManager ReloadAssembly
Native extension for WindowsStandalone target not found
Refreshing native plugins compatible for Editor in 0.40 ms, found 3 plugins.
Preloading 0 native plugins for Editor in 0.00 ms.
Mono: successfully reloaded assembly
- Completed reload, in  0.906 seconds
Domain Reload Profiling:
	ReloadAssembly (906ms)
		BeginReloadAssembly (126ms)
			ExecutionOrderSort (0ms)
			DisableScriptedObjects (5ms)
			BackupInstance (0ms)
			ReleaseScriptingObjects (0ms)
			CreateAndSetChildDomain (30ms)
		EndReloadAssembly (709ms)
			LoadAssemblies (104ms)
			RebuildTransferFunctionScriptingTraits (0ms)
			SetupTypeCache (265ms)
			ReleaseScriptCaches (1ms)
			RebuildScriptCaches (37ms)
			SetupLoadedEditorAssemblies (238ms)
				LogAssemblyErrors (0ms)
				InitializePlatformSupportModulesInManaged (4ms)
				SetLoadedEditorAssemblies (0ms)
				RefreshPlugins (0ms)
				BeforeProcessingInitializeOnLoad (71ms)
				ProcessInitializeOnLoadAttributes (154ms)
				ProcessInitializeOnLoadMethodAttributes (6ms)
				AfterProcessingInitializeOnLoad (2ms)
				EditorAssembliesLoaded (0ms)
			ExecutionOrderSort2 (0ms)
			AwakeInstancesAfterBackupRestoration (9ms)
Platform modules already initialized, skipping
Refreshing native plugins compatible for Editor in 0.41 ms, found 3 plugins.
Preloading 0 native plugins for Editor in 0.00 ms.
Unloading 2090 Unused Serialized files (Serialized files now loaded: 0)
System memory in use before: 96.5 MB.
System memory in use after: 96.7 MB.

Unloading 14 unused Assets to reduce memory usage. Loaded Objects now: 2633.
Total: 3.081500 ms (FindLiveObjects: 0.209500 ms CreateObjectMapping: 0.074600 ms MarkObjects: 2.776700 ms  DeleteObjects: 0.018600 ms)

AssetImportParameters requested are different than current active one (requested -> active):
  custom:framework-win-MediaFoundation: 216162199b28c13a410421893ffa2e32 -> 
  custom:video-decoder-ogg-theora: a1e56fd34408186e4bbccfd4996cb3dc -> 
  custom:container-muxer-webm: aa71ff27fc2769a1b78a27578f13a17b -> 
  custom:container-demuxer-webm: 4f35f7cbe854078d1ac9338744f61a02 -> 
  custom:container-demuxer-ogg: 62fdf1f143b41e24485cea50d1cbac27 -> 
  custom:video-encoder-webm-vp8: eb34c28f22e8b96e1ab97ce403110664 -> 
  custom:video-codec-MediaFoundation-h265: 746d11721c4dcdbdad8f713fa42b33f4 -> 
  custom:video-decoder-webm-vp8: 9c59270c3fd7afecdb556c50c9e8de78 -> 
  custom:audio-decoder-ogg-vorbis: bf7c407c2cedff20999df2af8eb42d56 -> 
  custom:audio-encoder-webm-vorbis: bf7c407c2cedff20999df2af8eb42d56 -> 
========================================================================
Received Prepare
Registering precompiled user dll's ...
Registered in 0.002574 seconds.
Begin MonoManager ReloadAssembly
Native extension for WindowsStandalone target not found
Refreshing native plugins compatible for Editor in 0.44 ms, found 3 plugins.
Preloading 0 native plugins for Editor in 0.00 ms.
Mono: successfully reloaded assembly
- Completed reload, in  0.859 seconds
Domain Reload Profiling:
	ReloadAssembly (860ms)
		BeginReloadAssembly (107ms)
			ExecutionOrderSort (0ms)
			DisableScriptedObjects (5ms)
			BackupInstance (0ms)
			ReleaseScriptingObjects (0ms)
			CreateAndSetChildDomain (31ms)
		EndReloadAssembly (703ms)
			LoadAssemblies (90ms)
			RebuildTransferFunctionScriptingTraits (0ms)
			SetupTypeCache (247ms)
			ReleaseScriptCaches (1ms)
			RebuildScriptCaches (38ms)
			SetupLoadedEditorAssemblies (253ms)
				LogAssemblyErrors (0ms)
				InitializePlatformSupportModulesInManaged (4ms)
				SetLoadedEditorAssemblies (0ms)
				RefreshPlugins (0ms)
				BeforeProcessingInitializeOnLoad (72ms)
				ProcessInitializeOnLoadAttributes (169ms)
				ProcessInitializeOnLoadMethodAttributes (5ms)
				AfterProcessingInitializeOnLoad (2ms)
				EditorAssembliesLoaded (0ms)
			ExecutionOrderSort2 (0ms)
			AwakeInstancesAfterBackupRestoration (9ms)
Platform modules already initialized, skipping
Refreshing native plugins compatible for Editor in 0.50 ms, found 3 plugins.
Preloading 0 native plugins for Editor in 0.00 ms.
Unloading 2090 Unused Serialized files (Serialized files now loaded: 0)
System memory in use before: 96.5 MB.
System memory in use after: 96.7 MB.

Unloading 14 unused Assets to reduce memory usage. Loaded Objects now: 2636.
Total: 3.009900 ms (FindLiveObjects: 0.202300 ms CreateObjectMapping: 0.063000 ms MarkObjects: 2.727000 ms  DeleteObjects: 0.016600 ms)

AssetImportParameters requested are different than current active one (requested -> active):
  custom:framework-win-MediaFoundation: 216162199b28c13a410421893ffa2e32 -> 
  custom:video-decoder-ogg-theora: a1e56fd34408186e4bbccfd4996cb3dc -> 
  custom:container-muxer-webm: aa71ff27fc2769a1b78a27578f13a17b -> 
  custom:container-demuxer-webm: 4f35f7cbe854078d1ac9338744f61a02 -> 
  custom:container-demuxer-ogg: 62fdf1f143b41e24485cea50d1cbac27 -> 
  custom:video-encoder-webm-vp8: eb34c28f22e8b96e1ab97ce403110664 -> 
  custom:video-codec-MediaFoundation-h265: 746d11721c4dcdbdad8f713fa42b33f4 -> 
  custom:video-decoder-webm-vp8: 9c59270c3fd7afecdb556c50c9e8de78 -> 
  custom:audio-decoder-ogg-vorbis: bf7c407c2cedff20999df2af8eb42d56 -> 
  custom:audio-encoder-webm-vorbis: bf7c407c2cedff20999df2af8eb42d56 -> 
========================================================================
Received Prepare
Registering precompiled user dll's ...
Registered in 0.002684 seconds.
Begin MonoManager ReloadAssembly
Native extension for WindowsStandalone target not found
Refreshing native plugins compatible for Editor in 0.42 ms, found 3 plugins.
Preloading 0 native plugins for Editor in 0.00 ms.
Mono: successfully reloaded assembly
- Completed reload, in  0.949 seconds
Domain Reload Profiling:
	ReloadAssembly (950ms)
		BeginReloadAssembly (133ms)
			ExecutionOrderSort (0ms)
			DisableScriptedObjects (6ms)
			BackupInstance (0ms)
			ReleaseScriptingObjects (0ms)
			CreateAndSetChildDomain (41ms)
		EndReloadAssembly (754ms)
			LoadAssemblies (118ms)
			RebuildTransferFunctionScriptingTraits (0ms)
			SetupTypeCache (269ms)
			ReleaseScriptCaches (1ms)
			RebuildScriptCaches (38ms)
			SetupLoadedEditorAssemblies (263ms)
				LogAssemblyErrors (0ms)
				InitializePlatformSupportModulesInManaged (4ms)
				SetLoadedEditorAssemblies (0ms)
				RefreshPlugins (0ms)
				BeforeProcessingInitializeOnLoad (72ms)
				ProcessInitializeOnLoadAttributes (178ms)
				ProcessInitializeOnLoadMethodAttributes (6ms)
				AfterProcessingInitializeOnLoad (2ms)
				EditorAssembliesLoaded (0ms)
			ExecutionOrderSort2 (0ms)
			AwakeInstancesAfterBackupRestoration (10ms)
Platform modules already initialized, skipping
Refreshing native plugins compatible for Editor in 0.41 ms, found 3 plugins.
Preloading 0 native plugins for Editor in 0.00 ms.
Unloading 2090 Unused Serialized files (Serialized files now loaded: 0)
System memory in use before: 96.6 MB.
System memory in use after: 96.7 MB.

Unloading 14 unused Assets to reduce memory usage. Loaded Objects now: 2639.
Total: 3.003300 ms (FindLiveObjects: 0.241500 ms CreateObjectMapping: 0.107900 ms MarkObjects: 2.634700 ms  DeleteObjects: 0.017000 ms)

AssetImportParameters requested are different than current active one (requested -> active):
  custom:framework-win-MediaFoundation: 216162199b28c13a410421893ffa2e32 -> 
  custom:video-decoder-ogg-theora: a1e56fd34408186e4bbccfd4996cb3dc -> 
  custom:container-muxer-webm: aa71ff27fc2769a1b78a27578f13a17b -> 
  custom:container-demuxer-webm: 4f35f7cbe854078d1ac9338744f61a02 -> 
  custom:container-demuxer-ogg: 62fdf1f143b41e24485cea50d1cbac27 -> 
  custom:video-encoder-webm-vp8: eb34c28f22e8b96e1ab97ce403110664 -> 
  custom:video-codec-MediaFoundation-h265: 746d11721c4dcdbdad8f713fa42b33f4 -> 
  custom:video-decoder-webm-vp8: 9c59270c3fd7afecdb556c50c9e8de78 -> 
  custom:audio-decoder-ogg-vorbis: bf7c407c2cedff20999df2af8eb42d56 -> 
  custom:audio-encoder-webm-vorbis: bf7c407c2cedff20999df2af8eb42d56 -> 
========================================================================
Received Import Request.
  Time since last request: 302.714487 seconds.
  path: Assets/Scripts
  artifactKey: Guid(b06039bf368d8f94f86fd98c8bd05f6c) Importer(815301076,1909f56bfc062723c751e8b465ee728b)
Start importing Assets/Scripts using Guid(b06039bf368d8f94f86fd98c8bd05f6c) Importer(815301076,1909f56bfc062723c751e8b465ee728b)  -> (artifact id: '9425f82ef244ac8059dbf722d28d5b8e') in 0.007985 seconds 
  Import took 0.010917 seconds .

========================================================================
Received Import Request.
  Time since last request: 10.455459 seconds.
  path: Assets/FlippedOff_Audio/chomp.mp3
  artifactKey: Guid(d40ca389bba895b40a319ea6b404f8bf) Importer(815301076,1909f56bfc062723c751e8b465ee728b)
Start importing Assets/FlippedOff_Audio/chomp.mp3 using Guid(d40ca389bba895b40a319ea6b404f8bf) Importer(815301076,1909f56bfc062723c751e8b465ee728b)  -> (artifact id: '58cb054d226246d0559d9cb605d40fdb') in 0.037256 seconds 
  Import took 0.041074 seconds .

========================================================================
Received Import Request.
  Time since last request: 10.305825 seconds.
  path: Assets/FlippedOff_Audio/FlippedOff_Chomp.mp3
  artifactKey: Guid(d40ca389bba895b40a319ea6b404f8bf) Importer(815301076,1909f56bfc062723c751e8b465ee728b)
Start importing Assets/FlippedOff_Audio/FlippedOff_Chomp.mp3 using Guid(d40ca389bba895b40a319ea6b404f8bf) Importer(815301076,1909f56bfc062723c751e8b465ee728b)  -> (artifact id: 'a20c1c4041be08c2247e95c5faf9d0e3') in 0.011352 seconds 
  Import took 0.014615 seconds .

========================================================================
Received Prepare
Registering precompiled user dll's ...
Registered in 0.002574 seconds.
Begin MonoManager ReloadAssembly
Native extension for WindowsStandalone target not found
Refreshing native plugins compatible for Editor in 0.46 ms, found 3 plugins.
Preloading 0 native plugins for Editor in 0.00 ms.
Mono: successfully reloaded assembly
- Completed reload, in  0.856 seconds
Domain Reload Profiling:
	ReloadAssembly (856ms)
		BeginReloadAssembly (117ms)
			ExecutionOrderSort (0ms)
			DisableScriptedObjects (5ms)
			BackupInstance (0ms)
			ReleaseScriptingObjects (0ms)
			CreateAndSetChildDomain (31ms)
		EndReloadAssembly (692ms)
			LoadAssemblies (88ms)
			RebuildTransferFunctionScriptingTraits (0ms)
			SetupTypeCache (235ms)
			ReleaseScriptCaches (1ms)
			RebuildScriptCaches (36ms)
			SetupLoadedEditorAssemblies (255ms)
				LogAssemblyErrors (0ms)
				InitializePlatformSupportModulesInManaged (4ms)
				SetLoadedEditorAssemblies (0ms)
				RefreshPlugins (1ms)
				BeforeProcessingInitializeOnLoad (76ms)
				ProcessInitializeOnLoadAttributes (166ms)
				ProcessInitializeOnLoadMethodAttributes (5ms)
				AfterProcessingInitializeOnLoad (2ms)
				EditorAssembliesLoaded (0ms)
			ExecutionOrderSort2 (0ms)
			AwakeInstancesAfterBackupRestoration (9ms)
Platform modules already initialized, skipping
Refreshing native plugins compatible for Editor in 0.44 ms, found 3 plugins.
Preloading 0 native plugins for Editor in 0.00 ms.
Unloading 2090 Unused Serialized files (Serialized files now loaded: 0)
System memory in use before: 96.6 MB.
System memory in use after: 96.7 MB.

Unloading 14 unused Assets to reduce memory usage. Loaded Objects now: 2643.
Total: 3.052600 ms (FindLiveObjects: 0.175900 ms CreateObjectMapping: 0.063400 ms MarkObjects: 2.796400 ms  DeleteObjects: 0.015700 ms)

AssetImportParameters requested are different than current active one (requested -> active):
  custom:framework-win-MediaFoundation: 216162199b28c13a410421893ffa2e32 -> 
  custom:video-decoder-ogg-theora: a1e56fd34408186e4bbccfd4996cb3dc -> 
  custom:container-muxer-webm: aa71ff27fc2769a1b78a27578f13a17b -> 
  custom:container-demuxer-webm: 4f35f7cbe854078d1ac9338744f61a02 -> 
  custom:container-demuxer-ogg: 62fdf1f143b41e24485cea50d1cbac27 -> 
  custom:video-encoder-webm-vp8: eb34c28f22e8b96e1ab97ce403110664 -> 
  custom:video-codec-MediaFoundation-h265: 746d11721c4dcdbdad8f713fa42b33f4 -> 
  custom:video-decoder-webm-vp8: 9c59270c3fd7afecdb556c50c9e8de78 -> 
  custom:audio-decoder-ogg-vorbis: bf7c407c2cedff20999df2af8eb42d56 -> 
  custom:audio-encoder-webm-vorbis: bf7c407c2cedff20999df2af8eb42d56 -> 
========================================================================
Received Import Request.
  Time since last request: 814.843107 seconds.
  path: Assets/FlippedOff_Audio/collect.mp3
  artifactKey: Guid(4909ee9b9a90e1e40af871e9fd071d7d) Importer(815301076,1909f56bfc062723c751e8b465ee728b)
Start importing Assets/FlippedOff_Audio/collect.mp3 using Guid(4909ee9b9a90e1e40af871e9fd071d7d) Importer(815301076,1909f56bfc062723c751e8b465ee728b)  -> (artifact id: '8f12a460cf2e8e34ffd98ce779d965f4') in 0.042460 seconds 
  Import took 0.046777 seconds .

========================================================================
Received Import Request.
  Time since last request: 0.000182 seconds.
  path: Assets/FlippedOff_Audio/FlippedOff_Slam.mp3
  artifactKey: Guid(49236509f42ed384dbd8e0b2a47e2ae8) Importer(815301076,1909f56bfc062723c751e8b465ee728b)
Start importing Assets/FlippedOff_Audio/FlippedOff_Slam.mp3 using Guid(49236509f42ed384dbd8e0b2a47e2ae8) Importer(815301076,1909f56bfc062723c751e8b465ee728b)  -> (artifact id: '8bb52d9051c0c8020140e4bc4cb31f8b') in 0.011446 seconds 
  Import took 0.014958 seconds .

========================================================================
Received Import Request.
  Time since last request: 0.000195 seconds.
  path: Assets/FlippedOff_Audio/FlippedOff_Chomp.mp3
  artifactKey: Guid(d40ca389bba895b40a319ea6b404f8bf) Importer(815301076,1909f56bfc062723c751e8b465ee728b)
Start importing Assets/FlippedOff_Audio/FlippedOff_Chomp.mp3 using Guid(d40ca389bba895b40a319ea6b404f8bf) Importer(815301076,1909f56bfc062723c751e8b465ee728b)  -> (artifact id: '2ed8a9bdcd2b22417808b1e1fef5db7a') in 0.010541 seconds 
  Import took 0.013845 seconds .

AssetImportWorkerClient::OnTransportError - code=2 error=End of file
